<?xml version="1.0" encoding="UTF-8"?>
<!-- Generated by org.testng.reporters.JUnitXMLReporter -->
<testsuite ignored="0" hostname="DESKTOP-3062J2P" failures="0" tests="2" name="Surefire test" time="0.077" errors="0" timestamp="2025-07-15T18:33:59 COT">
  <testcase classname="base.BaseTest" name="@BeforeMethod setUp" time="-1.752622439341E9">
    <failure type="org.testng.TestNGException" message="
Parameter &amp;apos;browser&amp;apos; is required by BeforeMethod on method setUp but has not been marked @Optional or defined
">
      <![CDATA[org.testng.TestNGException: 
Parameter 'browser' is required by BeforeMethod on method setUp but has not been marked @Optional or defined

at java.base/java.util.ArrayList.forEach(ArrayList.java:1596)
... Removed 33 stack frames]]>
    </failure>
  </testcase> <!-- @BeforeMethod setUp -->
  <testcase classname="base.BaseTest" name="@AfterMethod tearDown" time="0.0">
    <skipped/>
  </testcase> <!-- @AfterMethod tearDown -->
  <testcase classname="base.BaseTest" name="@BeforeMethod setUp" time="0.0">
    <skipped/>
  </testcase> <!-- @BeforeMethod setUp -->
  <testcase classname="base.BaseTest" name="@AfterMethod tearDown" time="0.0">
    <skipped/>
  </testcase> <!-- @AfterMethod tearDown -->
  <testcase classname="tests.LoginRegisterTest" name="testLoginWithNonExistentUser" time="0.0">
    <skipped/>
  </testcase> <!-- testLoginWithNonExistentUser -->
  <testcase classname="tests.LoginRegisterTest" name="testUserRegistration" time="0.0">
    <skipped/>
  </testcase> <!-- testUserRegistration -->
</testsuite> <!-- Surefire test -->
