<?xml version="1.0" encoding="UTF-8"?>
<!-- Generated by org.testng.reporters.JUnitXMLReporter -->
<testsuite ignored="0" hostname="DESKTOP-3062J2P" failures="0" tests="8" name="QaproyectoqaTests" time="0.137" errors="0" timestamp="2025-07-15T18:00:27 COT">
  <testcase classname="base.BaseTest" name="@BeforeMethod setUp" time="-1.752620427634E9">
    <failure type="org.testng.TestNGException" message="
Parameter &amp;apos;browser&amp;apos; is required by BeforeMethod on method setUp but has not been marked @Optional or defined
in C:\Users\USUARIO\Documents\oscar\Automatizacion\qa-proyectoqa\testing.xml">
      <![CDATA[org.testng.TestNGException: 
Parameter 'browser' is required by BeforeMethod on method setUp but has not been marked @Optional or defined
in C:\Users\USUARIO\Documents\oscar\Automatizacion\qa-proyectoqa\testing.xml
at java.base/java.util.ArrayList.forEach(ArrayList.java:1596)
... Removed 32 stack frames]]>
    </failure>
  </testcase> <!-- @BeforeMethod setUp -->
  <testcase classname="base.BaseTest" name="@AfterMethod tearDown" time="0.0">
    <skipped/>
  </testcase> <!-- @AfterMethod tearDown -->
  <testcase classname="base.BaseTest" name="@BeforeMethod setUp" time="0.0">
    <skipped/>
  </testcase> <!-- @BeforeMethod setUp -->
  <testcase classname="base.BaseTest" name="@AfterMethod tearDown" time="0.0">
    <skipped/>
  </testcase> <!-- @AfterMethod tearDown -->
  <testcase classname="base.BaseTest" name="@BeforeMethod setUp" time="-1.752620427686E9">
    <failure type="org.testng.TestNGException" message="
Parameter &amp;apos;browser&amp;apos; is required by BeforeMethod on method setUp but has not been marked @Optional or defined
in C:\Users\USUARIO\Documents\oscar\Automatizacion\qa-proyectoqa\testing.xml">
      <![CDATA[org.testng.TestNGException: 
Parameter 'browser' is required by BeforeMethod on method setUp but has not been marked @Optional or defined
in C:\Users\USUARIO\Documents\oscar\Automatizacion\qa-proyectoqa\testing.xml
at java.base/java.util.ArrayList.forEach(ArrayList.java:1596)
... Removed 32 stack frames]]>
    </failure>
  </testcase> <!-- @BeforeMethod setUp -->
  <testcase classname="tests.AdminCreationTest" name="@BeforeMethod setupAdmin" time="0.0">
    <skipped/>
  </testcase> <!-- @BeforeMethod setupAdmin -->
  <testcase classname="base.BaseTest" name="@AfterMethod tearDown" time="0.0">
    <skipped/>
  </testcase> <!-- @AfterMethod tearDown -->
  <testcase classname="base.BaseTest" name="@BeforeMethod setUp" time="-1.752620427715E9">
    <failure type="org.testng.TestNGException" message="
Parameter &amp;apos;browser&amp;apos; is required by BeforeMethod on method setUp but has not been marked @Optional or defined
in C:\Users\USUARIO\Documents\oscar\Automatizacion\qa-proyectoqa\testing.xml">
      <![CDATA[org.testng.TestNGException: 
Parameter 'browser' is required by BeforeMethod on method setUp but has not been marked @Optional or defined
in C:\Users\USUARIO\Documents\oscar\Automatizacion\qa-proyectoqa\testing.xml
at java.base/java.util.ArrayList.forEach(ArrayList.java:1596)
... Removed 32 stack frames]]>
    </failure>
  </testcase> <!-- @BeforeMethod setUp -->
  <testcase classname="tests.EvaluationTest" name="@BeforeMethod setupUser" time="0.0">
    <skipped/>
  </testcase> <!-- @BeforeMethod setupUser -->
  <testcase classname="base.BaseTest" name="@AfterMethod tearDown" time="0.0">
    <skipped/>
  </testcase> <!-- @AfterMethod tearDown -->
  <testcase classname="base.BaseTest" name="@BeforeMethod setUp" time="0.0">
    <skipped/>
  </testcase> <!-- @BeforeMethod setUp -->
  <testcase classname="tests.EvaluationTest" name="@BeforeMethod setupUser" time="0.0">
    <skipped/>
  </testcase> <!-- @BeforeMethod setupUser -->
  <testcase classname="base.BaseTest" name="@AfterMethod tearDown" time="0.0">
    <skipped/>
  </testcase> <!-- @AfterMethod tearDown -->
  <testcase classname="tests.LoginRegisterTest" name="testLoginWithNonExistentUser" time="0.0">
    <skipped/>
  </testcase> <!-- testLoginWithNonExistentUser -->
  <testcase classname="tests.LoginRegisterTest" name="testUserRegistration" time="0.0">
    <skipped/>
  </testcase> <!-- testUserRegistration -->
  <testcase classname="tests.AdminCreationTest" name="testCreateSectors" time="0.001">
    <skipped/>
  </testcase> <!-- testCreateSectors -->
  <testcase classname="tests.AdminCreationTest" name="testCreateTemas" time="0.001">
    <skipped/>
  </testcase> <!-- testCreateTemas -->
  <testcase classname="tests.AdminCreationTest" name="testCreateSubtemas" time="0.0">
    <skipped/>
  </testcase> <!-- testCreateSubtemas -->
  <testcase classname="tests.AdminCreationTest" name="testCreatePreguntas" time="0.0">
    <skipped/>
  </testcase> <!-- testCreatePreguntas -->
  <testcase classname="tests.EvaluationTest" name="testCreateEvaluations" time="0.0">
    <skipped/>
  </testcase> <!-- testCreateEvaluations -->
  <testcase classname="tests.EvaluationTest" name="testEvaluationResults" time="0.0">
    <skipped/>
  </testcase> <!-- testEvaluationResults -->
</testsuite> <!-- QaproyectoqaTests -->
